LC_DVR/xutils/build/outputs/logs/manifest-merger-debug-report.txt
-- Merging decision tree log ---
manifest
ADDED from src\main\AndroidManifest.xml:2:1-8:12
INJECTED from src\main\AndroidManifest.xml:2:1-8:12
INJECTED from src\main\AndroidManifest.xml:2:1-8:12
INJECTED from src\main\AndroidManifest.xml:2:1-8:12
INJECTED from src\main\AndroidManifest.xml:2:1-8:12
INJECTED from src\main\AndroidManifest.xml:2:1-8:12
INJECTED from src\main\AndroidManifest.xml:2:1-8:12
	package
		ADDED from src\main\AndroidManifest.xml:3:11-39
		INJECTED from src\main\AndroidManifest.xml
		INJECTED from src\main\AndroidManifest.xml
	android:versionName
		ADDED from src\main\AndroidManifest.xml:5:11-38
		INJECTED from src\main\AndroidManifest.xml
		INJECTED from src\main\AndroidManifest.xml
	xmlns:android
		ADDED from src\main\AndroidManifest.xml:2:11-69
	android:versionCode
		ADDED from src\main\AndroidManifest.xml:4:11-37
		INJECTED from src\main\AndroidManifest.xml
		INJECTED from src\main\AndroidManifest.xml
uses-sdk
ADDED from src\main\AndroidManifest.xml:6:5-72
INJECTED from src\main\AndroidManifest.xml:6:5-72
INJECTED from src\main\AndroidManifest.xml:6:5-72
INJECTED from src\main\AndroidManifest.xml:6:5-72
INJECTED from src\main\AndroidManifest.xml:6:5-72
	android:targetSdkVersion
		ADDED from src\main\AndroidManifest.xml:6:41-70
		INJECTED from src\main\AndroidManifest.xml
		INJECTED from src\main\AndroidManifest.xml
	android:minSdkVersion
		ADDED from src\main\AndroidManifest.xml:6:15-40
		INJECTED from src\main\AndroidManifest.xml
		INJECTED from src\main\AndroidManifest.xml
application
ADDED from src\main\AndroidManifest.xml:7:5-19